Build started 2/19/2015 2:54:47 PM.
     1>Project "C:\Users\Edward\Desktop\FRC\SHARPAutonomousScripter\Auto_Gui\Auto_Gui.vcxproj" on node 2 (Build target(s)).
     1>C:\Program Files (x86)\MSBuild\Microsoft.Cpp\v4.0\V120\Microsoft.CppBuild.targets(935,5): warning MSB8027: Two or more files with the name of moc_dialog.cpp will produce outputs to the same location. This can lead to an incorrect build result.  The files involved are GeneratedFiles\Debug\moc_dialog.cpp, GeneratedFiles\Release\moc_dialog.cpp.
     1>ClCompile:
         C:\Program Files (x86)\Microsoft Visual Studio 12.0\VC\bin\x86_amd64\CL.exe /c /IC:\Qt\5.4\msvc2013_64\include /IC:\Qt\5.4\msvc2013_64\include\QtWidgets /IC:\Qt\5.4\msvc2013_64\include\QtGui /IC:\Qt\5.4\msvc2013_64\include\QtANGLE /IC:\Qt\5.4\msvc2013_64\include\QtCore /Idebug /I. /I"C:\Qt\5.4\msvc2013_64\mkspecs\win32-msvc2013" /I.\GeneratedFiles /IC:\Users\Edward\Desktop\boost_1_55_0 /Zi /nologo /W3 /WX- /Od /D _WINDOWS /D QT_CORE_LIB /D QT_GUI_LIB /D QT_WIDGETS_LIB /D UNICODE /D UNICODE /D WIN32 /D WIN32 /D WIN64 /Gm- /EHsc /MDd /GS /fp:precise /Zc:wchar_t /Zc:forScope /GR /Fo"x64\Debug\\" /Fd"x64\Debug\vc120.pdb" /Gd /TP /errorReport:prompt -Zm200 -w34100 -w34189 GeneratedFiles\Debug\moc_dialog.cpp Objects\autonomousguiobject.cpp Display\buildcanvas.cpp Objects\commandblock.cpp Objects\connection.cpp Objects\connector.cpp Constant\constant.cpp Display\dialog.cpp Objects\menuitem.cpp Managers\menumanager.cpp
         moc_dialog.cpp
     1>C:\Users\Edward\Desktop\FRC\SHARPAutonomousScripter\Auto_Gui\Resources/csv_v3.h(69): warning C4996: 'strncpy': This function or variable may be unsafe. Consider using strncpy_s instead. To disable deprecation, use _CRT_SECURE_NO_WARNINGS. See online help for details.
                 C:\Program Files (x86)\Microsoft Visual Studio 12.0\VC\include\string.h(195) : see declaration of 'strncpy'
     1>C:\Users\Edward\Desktop\FRC\SHARPAutonomousScripter\Auto_Gui\Resources/csv_v3.h(108): warning C4996: 'strerror': This function or variable may be unsafe. Consider using strerror_s instead. To disable deprecation, use _CRT_SECURE_NO_WARNINGS. See online help for details.
                 C:\Program Files (x86)\Microsoft Visual Studio 12.0\VC\include\string.h(168) : see declaration of 'strerror'
     1>C:\Users\Edward\Desktop\FRC\SHARPAutonomousScripter\Auto_Gui\Resources/csv_v3.h(145): warning C4996: 'fopen': This function or variable may be unsafe. Consider using fopen_s instead. To disable deprecation, use _CRT_SECURE_NO_WARNINGS. See online help for details.
                 C:\Program Files (x86)\Microsoft Visual Studio 12.0\VC\include\stdio.h(211) : see declaration of 'fopen'
     1>C:\Users\Edward\Desktop\FRC\SHARPAutonomousScripter\Auto_Gui\Resources/csv_v3.h(169): warning C4267: '=' : conversion from 'size_t' to 'int', possible loss of data
     1>C:\Users\Edward\Desktop\FRC\SHARPAutonomousScripter\Auto_Gui\Resources/csv_v3.h(218): warning C4996: 'strncpy': This function or variable may be unsafe. Consider using strncpy_s instead. To disable deprecation, use _CRT_SECURE_NO_WARNINGS. See online help for details.
                 C:\Program Files (x86)\Microsoft Visual Studio 12.0\VC\include\string.h(195) : see declaration of 'strncpy'
     1>C:\Users\Edward\Desktop\FRC\SHARPAutonomousScripter\Auto_Gui\Resources/csv_v3.h(178): warning C4267: 'return' : conversion from 'size_t' to 'int', possible loss of data
     1>C:\Users\Edward\Desktop\FRC\SHARPAutonomousScripter\Auto_Gui\Resources/csv_v3.h(260): warning C4267: 'return' : conversion from 'size_t' to 'int', possible loss of data
     1>C:\Users\Edward\Desktop\FRC\SHARPAutonomousScripter\Auto_Gui\Resources/csv_v3.h(320): warning C4996: 'strncpy': This function or variable may be unsafe. Consider using strncpy_s instead. To disable deprecation, use _CRT_SECURE_NO_WARNINGS. See online help for details.
                 C:\Program Files (x86)\Microsoft Visual Studio 12.0\VC\include\string.h(195) : see declaration of 'strncpy'
     1>C:\Users\Edward\Desktop\FRC\SHARPAutonomousScripter\Auto_Gui\Resources/csv_v3.h(336): warning C4996: 'strncpy': This function or variable may be unsafe. Consider using strncpy_s instead. To disable deprecation, use _CRT_SECURE_NO_WARNINGS. See online help for details.
                 C:\Program Files (x86)\Microsoft Visual Studio 12.0\VC\include\string.h(195) : see declaration of 'strncpy'
     1>C:\Users\Edward\Desktop\FRC\SHARPAutonomousScripter\Auto_Gui\Resources/csv_v3.h(494): error C2144: syntax error : 'bool' should be preceded by ';'
                 C:\Users\Edward\Desktop\FRC\SHARPAutonomousScripter\Auto_Gui\Resources/csv_v3.h(511) : see reference to class template instantiation 'io::trim_chars<trim_char_list...>' being compiled
     1>C:\Users\Edward\Desktop\FRC\SHARPAutonomousScripter\Auto_Gui\Resources/csv_v3.h(494): error C4430: missing type specifier - int assumed. Note: C++ does not support default-int
     1>C:\Users\Edward\Desktop\FRC\SHARPAutonomousScripter\Auto_Gui\Resources/csv_v3.h(499): error C2144: syntax error : 'bool' should be preceded by ';'
     1>C:\Users\Edward\Desktop\FRC\SHARPAutonomousScripter\Auto_Gui\Resources/csv_v3.h(499): error C2238: unexpected token(s) preceding ';'
     1>C:\Users\Edward\Desktop\FRC\SHARPAutonomousScripter\Auto_Gui\Resources/csv_v3.h(499): error C2143: syntax error : missing ';' before '<end Parse>'
     1>C:\Users\Edward\Desktop\FRC\SHARPAutonomousScripter\Auto_Gui\Resources/csv_v3.h(499): error C2988: unrecognizable template declaration/definition
     1>C:\Users\Edward\Desktop\FRC\SHARPAutonomousScripter\Auto_Gui\Resources/csv_v3.h(499): error C2059: syntax error : '<end Parse>'
     1>C:\Users\Edward\Desktop\FRC\SHARPAutonomousScripter\Auto_Gui\Resources/csv_v3.h(503): error C2334: unexpected token(s) preceding ':'; skipping apparent function body
     1>C:\Users\Edward\Desktop\FRC\SHARPAutonomousScripter\Auto_Gui\Resources/csv_v3.h(511): fatal error C1075: end of file found before the left brace '{' at 'C:\Users\Edward\Desktop\FRC\SHARPAutonomousScripter\Auto_Gui\Resources/csv_v3.h(44)' was matched
         autonomousguiobject.cpp
     1>Objects\autonomousguiobject.cpp(33): warning C4100: 'widget' : unreferenced formal parameter
     1>Objects\autonomousguiobject.cpp(33): warning C4100: 'option' : unreferenced formal parameter
         buildcanvas.cpp
     1>Display\buildcanvas.cpp(64): warning C4313: 'printf'  : '%d' in format string conflicts with argument 1 of type 'CommandBlock *'
     1>Display\buildcanvas.cpp(260): warning C4129: 'm' : unrecognized character escape sequence
         commandblock.cpp
         connection.cpp
         connector.cpp
     1>Objects\connector.cpp(64): warning C4100: 'widget' : unreferenced formal parameter
     1>Objects\connector.cpp(64): warning C4100: 'option' : unreferenced formal parameter
     1>Objects\connector.cpp(155): warning C4100: 'event' : unreferenced formal parameter
         constant.cpp
         dialog.cpp
     1>C:\Users\Edward\Desktop\FRC\SHARPAutonomousScripter\Auto_Gui\Resources/csv_v3.h(69): warning C4996: 'strncpy': This function or variable may be unsafe. Consider using strncpy_s instead. To disable deprecation, use _CRT_SECURE_NO_WARNINGS. See online help for details.
                 C:\Program Files (x86)\Microsoft Visual Studio 12.0\VC\include\string.h(195) : see declaration of 'strncpy'
     1>C:\Users\Edward\Desktop\FRC\SHARPAutonomousScripter\Auto_Gui\Resources/csv_v3.h(108): warning C4996: 'strerror': This function or variable may be unsafe. Consider using strerror_s instead. To disable deprecation, use _CRT_SECURE_NO_WARNINGS. See online help for details.
                 C:\Program Files (x86)\Microsoft Visual Studio 12.0\VC\include\string.h(168) : see declaration of 'strerror'
     1>C:\Users\Edward\Desktop\FRC\SHARPAutonomousScripter\Auto_Gui\Resources/csv_v3.h(145): warning C4996: 'fopen': This function or variable may be unsafe. Consider using fopen_s instead. To disable deprecation, use _CRT_SECURE_NO_WARNINGS. See online help for details.
                 C:\Program Files (x86)\Microsoft Visual Studio 12.0\VC\include\stdio.h(211) : see declaration of 'fopen'
     1>C:\Users\Edward\Desktop\FRC\SHARPAutonomousScripter\Auto_Gui\Resources/csv_v3.h(169): warning C4267: '=' : conversion from 'size_t' to 'int', possible loss of data
     1>C:\Users\Edward\Desktop\FRC\SHARPAutonomousScripter\Auto_Gui\Resources/csv_v3.h(218): warning C4996: 'strncpy': This function or variable may be unsafe. Consider using strncpy_s instead. To disable deprecation, use _CRT_SECURE_NO_WARNINGS. See online help for details.
                 C:\Program Files (x86)\Microsoft Visual Studio 12.0\VC\include\string.h(195) : see declaration of 'strncpy'
     1>C:\Users\Edward\Desktop\FRC\SHARPAutonomousScripter\Auto_Gui\Resources/csv_v3.h(178): warning C4267: 'return' : conversion from 'size_t' to 'int', possible loss of data
     1>C:\Users\Edward\Desktop\FRC\SHARPAutonomousScripter\Auto_Gui\Resources/csv_v3.h(260): warning C4267: 'return' : conversion from 'size_t' to 'int', possible loss of data
     1>C:\Users\Edward\Desktop\FRC\SHARPAutonomousScripter\Auto_Gui\Resources/csv_v3.h(320): warning C4996: 'strncpy': This function or variable may be unsafe. Consider using strncpy_s instead. To disable deprecation, use _CRT_SECURE_NO_WARNINGS. See online help for details.
                 C:\Program Files (x86)\Microsoft Visual Studio 12.0\VC\include\string.h(195) : see declaration of 'strncpy'
     1>C:\Users\Edward\Desktop\FRC\SHARPAutonomousScripter\Auto_Gui\Resources/csv_v3.h(336): warning C4996: 'strncpy': This function or variable may be unsafe. Consider using strncpy_s instead. To disable deprecation, use _CRT_SECURE_NO_WARNINGS. See online help for details.
                 C:\Program Files (x86)\Microsoft Visual Studio 12.0\VC\include\string.h(195) : see declaration of 'strncpy'
     1>C:\Users\Edward\Desktop\FRC\SHARPAutonomousScripter\Auto_Gui\Resources/csv_v3.h(494): error C2144: syntax error : 'bool' should be preceded by ';'
                 C:\Users\Edward\Desktop\FRC\SHARPAutonomousScripter\Auto_Gui\Resources/csv_v3.h(511) : see reference to class template instantiation 'io::trim_chars<trim_char_list...>' being compiled
     1>C:\Users\Edward\Desktop\FRC\SHARPAutonomousScripter\Auto_Gui\Resources/csv_v3.h(494): error C4430: missing type specifier - int assumed. Note: C++ does not support default-int
     1>C:\Users\Edward\Desktop\FRC\SHARPAutonomousScripter\Auto_Gui\Resources/csv_v3.h(499): error C2144: syntax error : 'bool' should be preceded by ';'
     1>C:\Users\Edward\Desktop\FRC\SHARPAutonomousScripter\Auto_Gui\Resources/csv_v3.h(499): error C2238: unexpected token(s) preceding ';'
     1>C:\Users\Edward\Desktop\FRC\SHARPAutonomousScripter\Auto_Gui\Resources/csv_v3.h(499): error C2143: syntax error : missing ';' before '<end Parse>'
     1>C:\Users\Edward\Desktop\FRC\SHARPAutonomousScripter\Auto_Gui\Resources/csv_v3.h(499): error C2988: unrecognizable template declaration/definition
     1>C:\Users\Edward\Desktop\FRC\SHARPAutonomousScripter\Auto_Gui\Resources/csv_v3.h(499): error C2059: syntax error : '<end Parse>'
     1>C:\Users\Edward\Desktop\FRC\SHARPAutonomousScripter\Auto_Gui\Resources/csv_v3.h(503): error C2334: unexpected token(s) preceding ':'; skipping apparent function body
     1>C:\Users\Edward\Desktop\FRC\SHARPAutonomousScripter\Auto_Gui\Resources/csv_v3.h(511): fatal error C1075: end of file found before the left brace '{' at 'C:\Users\Edward\Desktop\FRC\SHARPAutonomousScripter\Auto_Gui\Resources/csv_v3.h(44)' was matched
         menuitem.cpp
     1>Objects\menuitem.cpp(33): warning C4100: 'event' : unreferenced formal parameter
         menumanager.cpp
         Generating Code...
     1>c:\users\edward\desktop\frc\sharpautonomousscripter\auto_gui\objects\commandblock.cpp(219): warning C4715: 'CommandBlock::getConnectorByName' : not all control paths return a value
     1>Done Building Project "C:\Users\Edward\Desktop\FRC\SHARPAutonomousScripter\Auto_Gui\Auto_Gui.vcxproj" (Build target(s)) -- FAILED.

Build FAILED.

Time Elapsed 00:00:12.42
